<?xml version="1.0" encoding="UTF-8"?>
<!-- Generated by org.testng.reporters.JUnitReportReporter -->
<testsuite hostname="LAPTOP-PLNO5R2G" failures="0" tests="20" name="com.qa.tutorialsninja.s1.testcases.TutorialsNinja_S1_LoginPageTest" time="99.554" errors="0" timestamp="2024-04-01T17:20:12 PDT" skipped="0">
  <testcase classname="com.qa.tutorialsninja.s1.testcases.TutorialsNinja_S1_LoginPageTest" name="loginWithValidCredentialsUsingDataProvider" time="4.865"/>
  <testcase classname="com.qa.tutorialsninja.s1.testcases.TutorialsNinja_S1_LoginPageTest" name="loginWithValidCredentialsUsingDataProvider" time="4.842"/>
  <testcase classname="com.qa.tutorialsninja.s1.testcases.TutorialsNinja_S1_LoginPageTest" name="loginWithValidCredentialsUsingDataProvider" time="6.422"/>
  <testcase classname="com.qa.tutorialsninja.s1.testcases.TutorialsNinja_S1_LoginPageTest" name="loginWithValidCredentialsUsingDataProvider" time="4.895"/>
  <testcase classname="com.qa.tutorialsninja.s1.testcases.TutorialsNinja_S1_LoginPageTest" name="loginWithValidCredentialsUsingDataProvider" time="4.960"/>
  <testcase classname="com.qa.tutorialsninja.s1.testcases.TutorialsNinja_S1_LoginPageTest" name="loginWithValidCredentialsUsingDataProvider" time="4.805"/>
  <testcase classname="com.qa.tutorialsninja.s1.testcases.TutorialsNinja_S1_LoginPageTest" name="loginWithValidCredentialsUsingDataProvider" time="5.076"/>
  <testcase classname="com.qa.tutorialsninja.s1.testcases.TutorialsNinja_S1_LoginPageTest" name="loginWithValidCredentialsUsingDataProvider" time="4.922"/>
  <testcase classname="com.qa.tutorialsninja.s1.testcases.TutorialsNinja_S1_LoginPageTest" name="loginWithValidCredentialsUsinExcelSheet" time="5.070"/>
  <testcase classname="com.qa.tutorialsninja.s1.testcases.TutorialsNinja_S1_LoginPageTest" name="loginWithValidCredentialsUsinExcelSheet" time="5.000"/>
  <testcase classname="com.qa.tutorialsninja.s1.testcases.TutorialsNinja_S1_LoginPageTest" name="loginWithValidCredentialsUsinExcelSheet" time="4.823"/>
  <testcase classname="com.qa.tutorialsninja.s1.testcases.TutorialsNinja_S1_LoginPageTest" name="loginWithValidCredentialsUsinExcelSheet" time="4.899"/>
  <testcase classname="com.qa.tutorialsninja.s1.testcases.TutorialsNinja_S1_LoginPageTest" name="loginWithValidCredentialsUsinExcelSheet" time="4.998"/>
  <testcase classname="com.qa.tutorialsninja.s1.testcases.TutorialsNinja_S1_LoginPageTest" name="loginWithValidCredentialsUsinExcelSheet" time="5.030"/>
  <testcase classname="com.qa.tutorialsninja.s1.testcases.TutorialsNinja_S1_LoginPageTest" name="loginWithValidCredentialsUsinExcelSheet" time="4.875"/>
  <testcase classname="com.qa.tutorialsninja.s1.testcases.TutorialsNinja_S1_LoginPageTest" name="loginWithValidCredentialsUsinExcelSheet" time="4.989"/>
  <testcase classname="com.qa.tutorialsninja.s1.testcases.TutorialsNinja_S1_LoginPageTest" name="loginWithInvalidCredentials" time="4.792"/>
  <testcase classname="com.qa.tutorialsninja.s1.testcases.TutorialsNinja_S1_LoginPageTest" name="loginWithValidUsernameInvalidPassword" time="4.707"/>
  <testcase classname="com.qa.tutorialsninja.s1.testcases.TutorialsNinja_S1_LoginPageTest" name="loginWithInvalidUsernamevalidPassword" time="4.642"/>
  <testcase classname="com.qa.tutorialsninja.s1.testcases.TutorialsNinja_S1_LoginPageTest" name="loginWithEmptyCrendtials" time="4.942"/>
</testsuite> <!-- com.qa.tutorialsninja.s1.testcases.TutorialsNinja_S1_LoginPageTest -->
