<?xml version="1.0" encoding="UTF-8"?>
<!-- Generated by org.testng.reporters.JUnitReportReporter -->
<testsuite hostname="LAPTOP-PLNO5R2G" failures="0" tests="2" name="com.qa.tutorialsninja.s1.testcases.TutorialsNinja_S1_LandingPageTest" time="10.880" errors="0" timestamp="2024-04-01T17:20:12 PDT" skipped="0">
  <testcase classname="com.qa.tutorialsninja.s1.testcases.TutorialsNinja_S1_LandingPageTest" name="getPageTitleAndCurrentUrl" time="6.885"/>
  <testcase classname="com.qa.tutorialsninja.s1.testcases.TutorialsNinja_S1_LandingPageTest" name="presenceOfQAFoxLink" time="3.995"/>
</testsuite> <!-- com.qa.tutorialsninja.s1.testcases.TutorialsNinja_S1_LandingPageTest -->
