<?xml version="1.0" encoding="UTF-8"?>
<!-- Generated by org.testng.reporters.JUnitReportReporter -->
<testsuite hostname="LAPTOP-PLNO5R2G" failures="0" tests="1" name="com.qa.tutorialsninja.s1.pages.TotorialsNinja_S1_Register_Page" time="6.963" errors="0" timestamp="2024-03-29T11:15:28 PDT" skipped="0">
  <testcase classname="com.qa.tutorialsninja.s1.pages.TotorialsNinja_S1_Register_Page" name="registerWithMandatoryFields" time="6.963"/>
</testsuite> <!-- com.qa.tutorialsninja.s1.pages.TotorialsNinja_S1_Register_Page -->
