<?xml version="1.0" encoding="UTF-8"?>
<!-- Generated by org.testng.reporters.JUnitReportReporter -->
<testsuite hostname="LAPTOP-PLNO5R2G" failures="0" tests="20" name="com.qa.tutorialsninja.s1.testcases.TutorialsNinja_S1_LoginPageTest" time="101.841" errors="0" timestamp="2024-04-01T17:26:28 PDT" skipped="0">
  <testcase classname="com.qa.tutorialsninja.s1.testcases.TutorialsNinja_S1_LoginPageTest" name="loginWithValidCredentialsUsingDataProvider" time="5.151"/>
  <testcase classname="com.qa.tutorialsninja.s1.testcases.TutorialsNinja_S1_LoginPageTest" name="loginWithValidCredentialsUsingDataProvider" time="5.166"/>
  <testcase classname="com.qa.tutorialsninja.s1.testcases.TutorialsNinja_S1_LoginPageTest" name="loginWithValidCredentialsUsingDataProvider" time="4.983"/>
  <testcase classname="com.qa.tutorialsninja.s1.testcases.TutorialsNinja_S1_LoginPageTest" name="loginWithValidCredentialsUsingDataProvider" time="4.836"/>
  <testcase classname="com.qa.tutorialsninja.s1.testcases.TutorialsNinja_S1_LoginPageTest" name="loginWithValidCredentialsUsingDataProvider" time="4.904"/>
  <testcase classname="com.qa.tutorialsninja.s1.testcases.TutorialsNinja_S1_LoginPageTest" name="loginWithValidCredentialsUsingDataProvider" time="4.879"/>
  <testcase classname="com.qa.tutorialsninja.s1.testcases.TutorialsNinja_S1_LoginPageTest" name="loginWithValidCredentialsUsingDataProvider" time="4.996"/>
  <testcase classname="com.qa.tutorialsninja.s1.testcases.TutorialsNinja_S1_LoginPageTest" name="loginWithValidCredentialsUsingDataProvider" time="5.063"/>
  <testcase classname="com.qa.tutorialsninja.s1.testcases.TutorialsNinja_S1_LoginPageTest" name="loginWithValidCredentialsUsinExcelSheet" time="4.969"/>
  <testcase classname="com.qa.tutorialsninja.s1.testcases.TutorialsNinja_S1_LoginPageTest" name="loginWithValidCredentialsUsinExcelSheet" time="5.094"/>
  <testcase classname="com.qa.tutorialsninja.s1.testcases.TutorialsNinja_S1_LoginPageTest" name="loginWithValidCredentialsUsinExcelSheet" time="4.954"/>
  <testcase classname="com.qa.tutorialsninja.s1.testcases.TutorialsNinja_S1_LoginPageTest" name="loginWithValidCredentialsUsinExcelSheet" time="5.049"/>
  <testcase classname="com.qa.tutorialsninja.s1.testcases.TutorialsNinja_S1_LoginPageTest" name="loginWithValidCredentialsUsinExcelSheet" time="5.043"/>
  <testcase classname="com.qa.tutorialsninja.s1.testcases.TutorialsNinja_S1_LoginPageTest" name="loginWithValidCredentialsUsinExcelSheet" time="4.861"/>
  <testcase classname="com.qa.tutorialsninja.s1.testcases.TutorialsNinja_S1_LoginPageTest" name="loginWithValidCredentialsUsinExcelSheet" time="5.643"/>
  <testcase classname="com.qa.tutorialsninja.s1.testcases.TutorialsNinja_S1_LoginPageTest" name="loginWithValidCredentialsUsinExcelSheet" time="5.156"/>
  <testcase classname="com.qa.tutorialsninja.s1.testcases.TutorialsNinja_S1_LoginPageTest" name="loginWithInvalidCredentials" time="5.019"/>
  <testcase classname="com.qa.tutorialsninja.s1.testcases.TutorialsNinja_S1_LoginPageTest" name="loginWithValidUsernameInvalidPassword" time="5.602"/>
  <testcase classname="com.qa.tutorialsninja.s1.testcases.TutorialsNinja_S1_LoginPageTest" name="loginWithInvalidUsernamevalidPassword" time="4.970"/>
  <testcase classname="com.qa.tutorialsninja.s1.testcases.TutorialsNinja_S1_LoginPageTest" name="loginWithEmptyCrendtials" time="5.503"/>
</testsuite> <!-- com.qa.tutorialsninja.s1.testcases.TutorialsNinja_S1_LoginPageTest -->
