<?xml version="1.0" encoding="UTF-8"?>
<!-- Generated by org.testng.reporters.JUnitReportReporter -->
<testsuite hostname="LAPTOP-PLNO5R2G" failures="0" tests="1" name="com.qa.tutorialsninja.s1.testcases.TutorialsNinja_S1_LinksPageTest" time="7.774" errors="0" timestamp="2024-04-01T17:26:28 PDT" skipped="0">
  <testcase classname="com.qa.tutorialsninja.s1.testcases.TutorialsNinja_S1_LinksPageTest" name="linkTests" time="7.774"/>
</testsuite> <!-- com.qa.tutorialsninja.s1.testcases.TutorialsNinja_S1_LinksPageTest -->
