<?xml version="1.0" encoding="UTF-8"?>
<!-- Generated by org.testng.reporters.JUnitReportReporter -->
<testsuite hostname="LAPTOP-PLNO5R2G" failures="0" tests="3" name="com.qa.tutorialsninja.s1.testcases.TutorialsNinja_S1_RegisterPageTest" time="14.683" errors="0" timestamp="2024-04-01T17:26:28 PDT" skipped="0">
  <testcase classname="com.qa.tutorialsninja.s1.testcases.TutorialsNinja_S1_RegisterPageTest" name="registerWithMandotaryFields" time="4.827"/>
  <testcase classname="com.qa.tutorialsninja.s1.testcases.TutorialsNinja_S1_RegisterPageTest" name="registerWithAllFields" time="4.844"/>
  <testcase classname="com.qa.tutorialsninja.s1.testcases.TutorialsNinja_S1_RegisterPageTest" name="registerWithNoFields" time="5.012"/>
</testsuite> <!-- com.qa.tutorialsninja.s1.testcases.TutorialsNinja_S1_RegisterPageTest -->
